<?xml version="1.0" encoding="UTF-8"?>
<!-- Generated by org.testng.reporters.JUnitReportReporter -->
<testsuite hostname="DESKTOP-R6157P8" failures="0" tests="1" name="testpackage.TestActiTimeValidLogin" time="6.963" errors="0" timestamp="2022-11-15T15:19:08 IST" skipped="0">
  <testcase classname="testpackage.TestActiTimeValidLogin" name="testValidLogin" time="6.963"/>
  <system-out>
    <![CDATA[the test has been starterd]]>
  </system-out>
</testsuite> <!-- testpackage.TestActiTimeValidLogin -->
